17:20:15 20333 [D +60.7] [-.-:3:2] Using setting automake.ignore_filetypes=['startify'] from 'global'.
17:20:15 20333 [D      ] [-.-:3:2] Using setting automake.events={'BufWritePost': {'delay': 0}} from 'global'.
17:20:15 20333 [D      ] [-.-:3:2] Exe (vint) of auto-configured maker vint is not executable, skipping.
17:20:15 20333 [D      ] [-.-:3:2] automake: configured buffer for ft=vim (no enabled makers).
17:20:15 20333 [D      ] [-.-:3:2] automake: setting tick for new buffer.
17:20:15 20333 [D      ] [-.-:3:2] automake: handling event BufWritePost.
17:20:15 20333 [D      ] [-.-:3:2] automake: no enabled makers.
17:20:17 20333 [D +1.44] Calling VimLeave.
17:20:54 20431 [D +36.1] Calling VimLeave.
21:09:28 19636 [D +3.94] [-.-:1:1] Using setting automake.ignore_filetypes=['startify'] from 'global'.
21:09:28 19636 [D      ] [-.-:1:1] Using setting automake.events={'BufWritePost': {'delay': 0}} from 'global'.
21:09:28 19636 [D      ] [-.-:1:1] Exe (vint) of auto-configured maker vint is not executable, skipping.
21:09:28 19636 [D      ] [-.-:1:1] automake: configured buffer for ft=vim (no enabled makers).
21:09:28 19636 [D      ] [-.-:1:1] automake: setting tick for new buffer.
21:09:28 19636 [D      ] [-.-:1:1] automake: handling event BufWritePost.
21:09:28 19636 [D      ] [-.-:1:1] automake: no enabled makers.
21:09:28 19636 [D      ] Calling VimLeave.
21:12:27 19827 [D +23.6] [-.-:1:1] Using setting automake.ignore_filetypes=['startify'] from 'global'.
21:12:27 19827 [D      ] [-.-:1:1] Using setting automake.events={'BufWritePost': {'delay': 0}} from 'global'.
21:12:27 19827 [D      ] [-.-:1:1] Exe (vint) of auto-configured maker vint is not executable, skipping.
21:12:27 19827 [D      ] [-.-:1:1] automake: configured buffer for ft=vim (no enabled makers).
21:12:27 19827 [D      ] [-.-:1:1] automake: setting tick for new buffer.
21:12:27 19827 [D      ] [-.-:1:1] automake: handling event BufWritePost.
21:12:27 19827 [D      ] [-.-:1:1] automake: no enabled makers.
21:12:27 19827 [D      ] Calling VimLeave.
